Unity Editor version:    2020.3.19f1 (68f137dc9bbe)
Branch:                  2020.3/staging
Build type:              Release
Batch mode:              YES
macOS version:           Version 11.4 (Build 20F71)
Darwin version:          20.5.0
Architecture:            x86_64
Running under Rosetta:   NO
Available memory:        8192 MB
Using pre-set license
Pro License: NO

COMMAND LINE ARGUMENTS:
/Applications/Unity/Hub/Editor/2020.3.19f1/Unity.app/Contents/MacOS/Unity
-adb2
-batchMode
-noUpm
-name
AssetImportWorker1
-projectPath
/Users/shaina/Desktop/CMPM 121/Lighthouse-16/Lighthouse 16
-logFile
Logs/AssetImportWorker1.log
-srvPort
62791
Successfully changed project path to: /Users/shaina/Desktop/CMPM 121/Lighthouse-16/Lighthouse 16
/Users/shaina/Desktop/CMPM 121/Lighthouse-16/Lighthouse 16
Using Asset Import Pipeline V2.
Refreshing native plugins compatible for Editor in 43.05 ms, found 2 plugins.
Preloading 0 native plugins for Editor in 0.00 ms.
Initialize engine version: 2020.3.19f1 (68f137dc9bbe)
[Subsystems] Discovering subsystems at path /Applications/Unity/Hub/Editor/2020.3.19f1/Unity.app/Contents/Resources/UnitySubsystems
[Subsystems] Discovering subsystems at path /Users/shaina/Desktop/CMPM 121/Lighthouse-16/Lighthouse 16/Assets
GfxDevice: creating device client; threaded=0
2021-12-10 02:25:35.135 Unity[71718:4006642] Color LCD preferred device: Intel(R) Iris(TM) Plus Graphics 640 (low power)
2021-12-10 02:25:35.135 Unity[71718:4006642] Metal devices available: 1
2021-12-10 02:25:35.135 Unity[71718:4006642] 0: Intel(R) Iris(TM) Plus Graphics 640 (low power)
2021-12-10 02:25:35.136 Unity[71718:4006642] Using device Intel(R) Iris(TM) Plus Graphics 640 (low power)
Initializing Metal device caps: Intel(R) Iris(TM) Plus Graphics 640
Initialize mono
Mono path[0] = '/Applications/Unity/Hub/Editor/2020.3.19f1/Unity.app/Contents/Managed'
Mono path[1] = '/Applications/Unity/Hub/Editor/2020.3.19f1/Unity.app/Contents/MonoBleedingEdge/lib/mono/unityjit'
Mono config path = '/Applications/Unity/Hub/Editor/2020.3.19f1/Unity.app/Contents/MonoBleedingEdge/etc'
Using monoOptions --debugger-agent=transport=dt_socket,embedding=1,server=y,suspend=n,address=127.0.0.1:56718
Begin MonoManager ReloadAssembly
Registering precompiled unity dll's ...
Register platform support module: /Applications/Unity/Hub/Editor/2020.3.19f1/Unity.app/Contents/PlaybackEngines/MacStandaloneSupport/UnityEditor.OSXStandalone.Extensions.dll
Registered in 0.002842 seconds.
Native extension for OSXStandalone target not found
Refreshing native plugins compatible for Editor in 34.14 ms, found 2 plugins.
Preloading 0 native plugins for Editor in 0.00 ms.
Mono: successfully reloaded assembly
- Completed reload, in  3.333 seconds
Domain Reload Profiling:
	ReloadAssembly (3333ms)
		BeginReloadAssembly (100ms)
			ExecutionOrderSort (0ms)
			DisableScriptedObjects (0ms)
			BackupInstance (0ms)
			ReleaseScriptingObjects (0ms)
			CreateAndSetChildDomain (2ms)
		EndReloadAssembly (671ms)
			LoadAssemblies (101ms)
			RebuildTransferFunctionScriptingTraits (5ms)
			SetupTypeCache (260ms)
			ReleaseScriptCaches (0ms)
			RebuildScriptCaches (48ms)
			SetupLoadedEditorAssemblies (276ms)
				LogAssemblyErrors (0ms)
				InitializePlatformSupportModulesInManaged (7ms)
				SetLoadedEditorAssemblies (0ms)
				RefreshPlugins (34ms)
				BeforeProcessingInitializeOnLoad (14ms)
				ProcessInitializeOnLoadAttributes (171ms)
				ProcessInitializeOnLoadMethodAttributes (47ms)
				AfterProcessingInitializeOnLoad (0ms)
				EditorAssembliesLoaded (2ms)
			ExecutionOrderSort2 (0ms)
			AwakeInstancesAfterBackupRestoration (0ms)
Platform modules already initialized, skipping
Registering precompiled user dll's ...
Registered in 0.006066 seconds.
Begin MonoManager ReloadAssembly
Native extension for OSXStandalone target not found
Refreshing native plugins compatible for Editor in 0.84 ms, found 2 plugins.
Preloading 0 native plugins for Editor in 0.00 ms.
Mono: successfully reloaded assembly
- Completed reload, in  1.497 seconds
Domain Reload Profiling:
	ReloadAssembly (1499ms)
		BeginReloadAssembly (211ms)
			ExecutionOrderSort (0ms)
			DisableScriptedObjects (6ms)
			BackupInstance (0ms)
			ReleaseScriptingObjects (0ms)
			CreateAndSetChildDomain (58ms)
		EndReloadAssembly (1209ms)
			LoadAssemblies (111ms)
			RebuildTransferFunctionScriptingTraits (0ms)
			SetupTypeCache (482ms)
			ReleaseScriptCaches (0ms)
			RebuildScriptCaches (61ms)
			SetupLoadedEditorAssemblies (415ms)
				LogAssemblyErrors (0ms)
				InitializePlatformSupportModulesInManaged (5ms)
				SetLoadedEditorAssemblies (1ms)
				RefreshPlugins (1ms)
				BeforeProcessingInitializeOnLoad (56ms)
				ProcessInitializeOnLoadAttributes (344ms)
				ProcessInitializeOnLoadMethodAttributes (6ms)
				AfterProcessingInitializeOnLoad (2ms)
				EditorAssembliesLoaded (0ms)
			ExecutionOrderSort2 (0ms)
			AwakeInstancesAfterBackupRestoration (11ms)
Platform modules already initialized, skipping
Validating Project structure ... 0.007417 seconds.
Shader import version has changed; will reimport all shaders...
Upgrading shader files ...0.008330 seconds.
Application.AssetDatabase Initial Script Refresh Start
RefreshInfo: InitialScriptRefreshV2(NoUpdateAssetOptions) scanfilter:  ... 1 filters
RefreshProfiler: Total: 0.000ms
Application.AssetDatabase Initial Script Refresh End
Application.AssetDatabase.Refresh Start
Application.AssetDatabase.Refresh End
RefreshInfo: StopAssetImportingV2(ForceSynchronousImport) scanfilter: 
RefreshProfiler: Total: 0.000ms
Launching external process: /Applications/Unity/Hub/Editor/2020.3.19f1/Unity.app/Contents/Tools/UnityShaderCompiler
Launched and connected shader compiler UnityShaderCompiler after 0.03 seconds
Initializing Unity extensions:
========================================================================
Worker process is ready to serve import requests
Refreshing native plugins compatible for Editor in 0.42 ms, found 2 plugins.
Preloading 0 native plugins for Editor in 0.00 ms.
Unloading 1408 Unused Serialized files (Serialized files now loaded: 0)
System memory in use before: 160.8 MB.
System memory in use after: 160.0 MB.

Unloading 87 unused Assets to reduce memory usage. Loaded Objects now: 1887.
Total: 3.819789 ms (FindLiveObjects: 0.190382 ms CreateObjectMapping: 0.048028 ms MarkObjects: 2.951106 ms  DeleteObjects: 0.629087 ms)

AssetImportParameters requested are different than current active one (requested -> active):
  custom:video-decoder-ogg-theora: a1e56fd34408186e4bbccfd4996cb3dc -> 
  custom:container-muxer-webm: aa71ff27fc2769a1b78a27578f13a17b -> 
  custom:container-demuxer-webm: 4f35f7cbe854078d1ac9338744f61a02 -> 
  custom:container-demuxer-ogg: 62fdf1f143b41e24485cea50d1cbac27 -> 
  custom:video-encoder-webm-vp8: eb34c28f22e8b96e1ab97ce403110664 -> 
  custom:framework-osx-AVFoundation: e770b220cccbd017edd2c1fefb359320 -> 
  custom:video-decoder-webm-vp8: 9c59270c3fd7afecdb556c50c9e8de78 -> 
  custom:audio-decoder-ogg-vorbis: bf7c407c2cedff20999df2af8eb42d56 -> 
  custom:audio-encoder-webm-vorbis: bf7c407c2cedff20999df2af8eb42d56 -> 
========================================================================
Received Import Request.
  path: Assets/cemetery halloween set/models/bush_02.FBX
  artifactKey: Guid(9aafa78da961cbb4d9503b7c2c34a5ac) Importer(815301076,1909f56bfc062723c751e8b465ee728b)
Start importing Assets/cemetery halloween set/models/bush_02.FBX using Guid(9aafa78da961cbb4d9503b7c2c34a5ac) Importer(815301076,1909f56bfc062723c751e8b465ee728b)  -> (artifact id: 'd82191d16be7a56c7946bac4caf2b1bc') in 1.801430 seconds 
  Import took 1.807587 seconds .

========================================================================
Received Import Request.
  Time since last request: 0.004303 seconds.
  path: Assets/cemetery halloween set/models/fence_tile_03.fbx
  artifactKey: Guid(3a59d304685b7be4eaa9906e1ea91b48) Importer(815301076,1909f56bfc062723c751e8b465ee728b)
Start importing Assets/cemetery halloween set/models/fence_tile_03.fbx using Guid(3a59d304685b7be4eaa9906e1ea91b48) Importer(815301076,1909f56bfc062723c751e8b465ee728b)  -> (artifact id: '274a5d5b0ea0b82ac9309ddc411175a3') in 0.431134 seconds 
  Import took 0.437571 seconds .

========================================================================
Received Import Request.
  Time since last request: 0.004669 seconds.
  path: Assets/cemetery halloween set/models/dead_tree_06.FBX
  artifactKey: Guid(8a379897544d01b47a00a9dce9ffbce2) Importer(815301076,1909f56bfc062723c751e8b465ee728b)
Start importing Assets/cemetery halloween set/models/dead_tree_06.FBX using Guid(8a379897544d01b47a00a9dce9ffbce2) Importer(815301076,1909f56bfc062723c751e8b465ee728b)  -> (artifact id: '975e66f0d1b8cf686527c3bc563f041c') in 0.074482 seconds 
  Import took 0.081632 seconds .

========================================================================
Received Import Request.
  Time since last request: 0.000350 seconds.
  path: Assets/cemetery halloween set/models/gravestone_10.fbx
  artifactKey: Guid(903b69e4eb99d014b84617b73f932ac2) Importer(815301076,1909f56bfc062723c751e8b465ee728b)
Start importing Assets/cemetery halloween set/models/gravestone_10.fbx using Guid(903b69e4eb99d014b84617b73f932ac2) Importer(815301076,1909f56bfc062723c751e8b465ee728b)  -> (artifact id: 'c3320796ec556cbb9fdcac5913e06d37') in 0.053318 seconds 
  Import took 0.059795 seconds .

========================================================================
Received Import Request.
  Time since last request: 0.000271 seconds.
  path: Assets/cemetery halloween set/models/lava_dead_tree_04.FBX
  artifactKey: Guid(776bc5f1c6c89854b841fe91a3bd86a5) Importer(815301076,1909f56bfc062723c751e8b465ee728b)
Start importing Assets/cemetery halloween set/models/lava_dead_tree_04.FBX using Guid(776bc5f1c6c89854b841fe91a3bd86a5) Importer(815301076,1909f56bfc062723c751e8b465ee728b)  -> (artifact id: '1613085be498d5caac6ec8057204e28e') in 0.073353 seconds 
  Import took 0.079069 seconds .

========================================================================
Received Import Request.
  Time since last request: 0.000305 seconds.
  path: Assets/cemetery halloween set/models/skull_03.fbx
  artifactKey: Guid(690d478168e1ba247b9862d32af19518) Importer(815301076,1909f56bfc062723c751e8b465ee728b)
Start importing Assets/cemetery halloween set/models/skull_03.fbx using Guid(690d478168e1ba247b9862d32af19518) Importer(815301076,1909f56bfc062723c751e8b465ee728b)  -> (artifact id: 'fce227df662ce7d94cefd27fd478ae0b') in 0.054756 seconds 
  Import took 0.060507 seconds .

========================================================================
Received Import Request.
  Time since last request: 0.000294 seconds.
  path: Assets/cemetery halloween set/models/rock_01.fbx
  artifactKey: Guid(3b032cefce50fb44088f8198c71ce608) Importer(815301076,1909f56bfc062723c751e8b465ee728b)
Start importing Assets/cemetery halloween set/models/rock_01.fbx using Guid(3b032cefce50fb44088f8198c71ce608) Importer(815301076,1909f56bfc062723c751e8b465ee728b)  -> (artifact id: '08460c6018b38eb133b9dc7d09a1417d') in 0.052513 seconds 
  Import took 0.059186 seconds .

========================================================================
Received Import Request.
  Time since last request: 0.000305 seconds.
  path: Assets/cemetery halloween set/models/spiderweb_03.fbx
  artifactKey: Guid(0eb0ec8c1682b6f4e8f4ecc4dd48f2c6) Importer(815301076,1909f56bfc062723c751e8b465ee728b)
Start importing Assets/cemetery halloween set/models/spiderweb_03.fbx using Guid(0eb0ec8c1682b6f4e8f4ecc4dd48f2c6) Importer(815301076,1909f56bfc062723c751e8b465ee728b)  -> (artifact id: '5e6b5436ce08110ef0d518f81dbb82b9') in 0.054789 seconds 
  Import took 0.061173 seconds .

========================================================================
Received Import Request.
  Time since last request: 0.013911 seconds.
  path: Assets/cemetery halloween set/models/gravestone_03.fbx
  artifactKey: Guid(0a1e210e16f925b449521d1035a19137) Importer(815301076,1909f56bfc062723c751e8b465ee728b)
Start importing Assets/cemetery halloween set/models/gravestone_03.fbx using Guid(0a1e210e16f925b449521d1035a19137) Importer(815301076,1909f56bfc062723c751e8b465ee728b)  -> (artifact id: 'cfcae90a4c67cf0e918d7ce513162f62') in 0.046921 seconds 
  Import took 0.053920 seconds .

========================================================================
Received Import Request.
  Time since last request: 0.000310 seconds.
  path: Assets/cemetery halloween set/models/pumpkin_05.FBX
  artifactKey: Guid(81bd1c361541fe74bba12aacc913298e) Importer(815301076,1909f56bfc062723c751e8b465ee728b)
Start importing Assets/cemetery halloween set/models/pumpkin_05.FBX using Guid(81bd1c361541fe74bba12aacc913298e) Importer(815301076,1909f56bfc062723c751e8b465ee728b)  -> (artifact id: '3d6c9a8fd2c0f732f7f9b023db22f9ad') in 0.071070 seconds 
  Import took 0.076699 seconds .

========================================================================
Received Import Request.
  Time since last request: 0.000308 seconds.
  path: Assets/cemetery halloween set/models/lava_dead_tree_01.FBX
  artifactKey: Guid(3f2e6295562c91f4ca24f635676b603e) Importer(815301076,1909f56bfc062723c751e8b465ee728b)
Start importing Assets/cemetery halloween set/models/lava_dead_tree_01.FBX using Guid(3f2e6295562c91f4ca24f635676b603e) Importer(815301076,1909f56bfc062723c751e8b465ee728b)  -> (artifact id: '5ac9ea2c0cf806967696bcf6620ab096') in 0.081761 seconds 
  Import took 0.087377 seconds .

========================================================================
Received Import Request.
  Time since last request: 0.000314 seconds.
  path: Assets/cemetery halloween set/models/zombie_hand_05.fbx
  artifactKey: Guid(6259f01035f8d884b9652a51bff6eedb) Importer(815301076,1909f56bfc062723c751e8b465ee728b)
Start importing Assets/cemetery halloween set/models/zombie_hand_05.fbx using Guid(6259f01035f8d884b9652a51bff6eedb) Importer(815301076,1909f56bfc062723c751e8b465ee728b)  -> (artifact id: '95f9f24e81a6feac94d32fcef343c95e') in 0.053248 seconds 
  Import took 0.061251 seconds .

========================================================================
Received Import Request.
  Time since last request: 0.000268 seconds.
  path: Assets/cemetery halloween set/models/dead_tree_02.FBX
  artifactKey: Guid(0ba9a6b9c80107a4dafb3a3067123c79) Importer(815301076,1909f56bfc062723c751e8b465ee728b)
Start importing Assets/cemetery halloween set/models/dead_tree_02.FBX using Guid(0ba9a6b9c80107a4dafb3a3067123c79) Importer(815301076,1909f56bfc062723c751e8b465ee728b)  -> (artifact id: '9b9d020e5284ad608638eb3482928209') in 0.107618 seconds 
  Import took 0.114121 seconds .

========================================================================
Received Import Request.
  Time since last request: 0.000753 seconds.
  path: Assets/cemetery halloween set/models/gravestone_09.fbx
  artifactKey: Guid(d7369344e347ec740a57571e8653a1c3) Importer(815301076,1909f56bfc062723c751e8b465ee728b)
Start importing Assets/cemetery halloween set/models/gravestone_09.fbx using Guid(d7369344e347ec740a57571e8653a1c3) Importer(815301076,1909f56bfc062723c751e8b465ee728b)  -> (artifact id: '5b0b3d06f226da5bdbe201bb2d4d1768') in 0.055557 seconds 
  Import took 0.061545 seconds .

========================================================================
Received Import Request.
  Time since last request: 0.000409 seconds.
  path: Assets/cemetery halloween set/models/gravestone_04.fbx
  artifactKey: Guid(0c6a1b709e81ef54297ce22bcaca285d) Importer(815301076,1909f56bfc062723c751e8b465ee728b)
Start importing Assets/cemetery halloween set/models/gravestone_04.fbx using Guid(0c6a1b709e81ef54297ce22bcaca285d) Importer(815301076,1909f56bfc062723c751e8b465ee728b)  -> (artifact id: '16608851432c91551f3b78ce41b51fb8') in 0.057871 seconds 
  Import took 0.067301 seconds .

========================================================================
Received Import Request.
  Time since last request: 0.000321 seconds.
  path: Assets/cemetery halloween set/models/lava_dead_tree_05.FBX
  artifactKey: Guid(b791933449d545e4f9fe4ef8a91da6bf) Importer(815301076,1909f56bfc062723c751e8b465ee728b)
Start importing Assets/cemetery halloween set/models/lava_dead_tree_05.FBX using Guid(b791933449d545e4f9fe4ef8a91da6bf) Importer(815301076,1909f56bfc062723c751e8b465ee728b)  -> (artifact id: 'f4cf70448a12f2f2fac92905d7f3f41a') in 0.080372 seconds 
  Import took 0.086568 seconds .

========================================================================
Received Import Request.
  Time since last request: 0.000295 seconds.
  path: Assets/cemetery halloween set/models/rock_08.fbx
  artifactKey: Guid(04a832b6c39f96e4b9bd6d65db63dd75) Importer(815301076,1909f56bfc062723c751e8b465ee728b)
Start importing Assets/cemetery halloween set/models/rock_08.fbx using Guid(04a832b6c39f96e4b9bd6d65db63dd75) Importer(815301076,1909f56bfc062723c751e8b465ee728b)  -> (artifact id: '94c7ae568afce8047a4c6e0df1cd1333') in 0.051652 seconds 
  Import took 0.056830 seconds .

========================================================================
Received Import Request.
  Time since last request: 0.000294 seconds.
  path: Assets/cemetery halloween set/models/rock_09.fbx
  artifactKey: Guid(fefbfe09f1bcf814cb5f844c981e7369) Importer(815301076,1909f56bfc062723c751e8b465ee728b)
Start importing Assets/cemetery halloween set/models/rock_09.fbx using Guid(fefbfe09f1bcf814cb5f844c981e7369) Importer(815301076,1909f56bfc062723c751e8b465ee728b)  -> (artifact id: '1f90b7b4999b783a75413fea40194159') in 0.049249 seconds 
  Import took 0.054743 seconds .

========================================================================
Received Import Request.
  Time since last request: 0.000315 seconds.
  path: Assets/cemetery halloween set/models/fence_pillar_04.fbx
  artifactKey: Guid(844f5ee9f9636e24b986341c65a04552) Importer(815301076,1909f56bfc062723c751e8b465ee728b)
Start importing Assets/cemetery halloween set/models/fence_pillar_04.fbx using Guid(844f5ee9f9636e24b986341c65a04552) Importer(815301076,1909f56bfc062723c751e8b465ee728b)  -> (artifact id: 'e075ed3d688e6555fc916eb9244f8e70') in 0.054491 seconds 
  Import took 0.060157 seconds .

========================================================================
Received Import Request.
  Time since last request: 0.000327 seconds.
  path: Assets/cemetery halloween set/models/rock_07.fbx
  artifactKey: Guid(e62e6d450c2012c4c8d26fdc7d221f66) Importer(815301076,1909f56bfc062723c751e8b465ee728b)
Start importing Assets/cemetery halloween set/models/rock_07.fbx using Guid(e62e6d450c2012c4c8d26fdc7d221f66) Importer(815301076,1909f56bfc062723c751e8b465ee728b)  -> (artifact id: 'cd6c90ce124ee2a132bdeb739d863d2b') in 0.050864 seconds 
  Import took 0.057064 seconds .

========================================================================
Received Import Request.
  Time since last request: 0.000257 seconds.
  path: Assets/cemetery halloween set/models/tomb.fbx
  artifactKey: Guid(8a96cc4e2187abe4aab9d6ca2481f476) Importer(815301076,1909f56bfc062723c751e8b465ee728b)
Start importing Assets/cemetery halloween set/models/tomb.fbx using Guid(8a96cc4e2187abe4aab9d6ca2481f476) Importer(815301076,1909f56bfc062723c751e8b465ee728b)  -> (artifact id: 'b4a20583706d12dd7aa124aa9332da48') in 0.051164 seconds 
  Import took 0.057156 seconds .

========================================================================
Received Import Request.
  Time since last request: 0.000258 seconds.
  path: Assets/cemetery halloween set/models/zombie_hand_02.fbx
  artifactKey: Guid(4bacb379a95793f46903e0f45094229d) Importer(815301076,1909f56bfc062723c751e8b465ee728b)
Start importing Assets/cemetery halloween set/models/zombie_hand_02.fbx using Guid(4bacb379a95793f46903e0f45094229d) Importer(815301076,1909f56bfc062723c751e8b465ee728b)  -> (artifact id: 'bd2c32efa661071200e0ef5b11a17a53') in 0.052205 seconds 
  Import took 0.058028 seconds .

========================================================================
Received Import Request.
  Time since last request: 0.000373 seconds.
  path: Assets/cemetery halloween set/models/rock_02.fbx
  artifactKey: Guid(c9b63d44b6a432b47bfdbe75466bcd4e) Importer(815301076,1909f56bfc062723c751e8b465ee728b)
Start importing Assets/cemetery halloween set/models/rock_02.fbx using Guid(c9b63d44b6a432b47bfdbe75466bcd4e) Importer(815301076,1909f56bfc062723c751e8b465ee728b)  -> (artifact id: '91b6d7de94d805a46baac3ea24934f82') in 0.047761 seconds 
  Import took 0.053802 seconds .

========================================================================
Received Import Request.
  Time since last request: 0.016308 seconds.
  path: Assets/cemetery halloween set/models/gravestone_02.fbx
  artifactKey: Guid(8b52540195a274341bdfcb7742fbaf84) Importer(815301076,1909f56bfc062723c751e8b465ee728b)
Start importing Assets/cemetery halloween set/models/gravestone_02.fbx using Guid(8b52540195a274341bdfcb7742fbaf84) Importer(815301076,1909f56bfc062723c751e8b465ee728b)  -> (artifact id: '62e8ba621c2cad5c081a976cf07be246') in 0.044924 seconds 
  Import took 0.052302 seconds .

========================================================================
Received Import Request.
  Time since last request: 0.000314 seconds.
  path: Assets/cemetery halloween set/models/skull_06.fbx
  artifactKey: Guid(4ebdf9858647ed64a8d486dbb3159a72) Importer(815301076,1909f56bfc062723c751e8b465ee728b)
Start importing Assets/cemetery halloween set/models/skull_06.fbx using Guid(4ebdf9858647ed64a8d486dbb3159a72) Importer(815301076,1909f56bfc062723c751e8b465ee728b)  -> (artifact id: '56e9bc9fc4395495927189e614aab20a') in 0.079533 seconds 
  Import took 0.085311 seconds .

========================================================================
Received Import Request.
  Time since last request: 0.000292 seconds.
  path: Assets/cemetery halloween set/models/rock_12.fbx
  artifactKey: Guid(7d8bf4f6d6882da48a54b61675eef409) Importer(815301076,1909f56bfc062723c751e8b465ee728b)
Start importing Assets/cemetery halloween set/models/rock_12.fbx using Guid(7d8bf4f6d6882da48a54b61675eef409) Importer(815301076,1909f56bfc062723c751e8b465ee728b)  -> (artifact id: 'fdb30ad5f8c75f86fcd8dcf4b1132963') in 0.055079 seconds 
  Import took 0.063825 seconds .

========================================================================
Received Import Request.
  Time since last request: 0.000279 seconds.
  path: Assets/cemetery halloween set/models/skull_07.fbx
  artifactKey: Guid(da96822f9761b05478b5804805b31a24) Importer(815301076,1909f56bfc062723c751e8b465ee728b)
Start importing Assets/cemetery halloween set/models/skull_07.fbx using Guid(da96822f9761b05478b5804805b31a24) Importer(815301076,1909f56bfc062723c751e8b465ee728b)  -> (artifact id: 'd0187ee488d34ea40cfee9bef9d335ae') in 0.056362 seconds 
  Import took 0.062766 seconds .

========================================================================
Received Import Request.
  Time since last request: 0.000364 seconds.
  path: Assets/cemetery halloween set/models/skull_09.fbx
  artifactKey: Guid(e65822353ae8c9340a402c7b8d1af067) Importer(815301076,1909f56bfc062723c751e8b465ee728b)
Start importing Assets/cemetery halloween set/models/skull_09.fbx using Guid(e65822353ae8c9340a402c7b8d1af067) Importer(815301076,1909f56bfc062723c751e8b465ee728b)  -> (artifact id: '56c550c810c7f9c8a4ea8502390afa05') in 0.057471 seconds 
  Import took 0.063123 seconds .

========================================================================
Received Import Request.
  Time since last request: 0.000327 seconds.
  path: Assets/cemetery halloween set/models/skull_05.fbx
  artifactKey: Guid(dde2d83f50e4e1e498596af035191d48) Importer(815301076,1909f56bfc062723c751e8b465ee728b)
Start importing Assets/cemetery halloween set/models/skull_05.fbx using Guid(dde2d83f50e4e1e498596af035191d48) Importer(815301076,1909f56bfc062723c751e8b465ee728b)  -> (artifact id: 'c9821950c1513c8fa649bf456bacd200') in 0.054085 seconds 
  Import took 0.059606 seconds .

========================================================================
Received Import Request.
  Time since last request: 0.000277 seconds.
  path: Assets/cemetery halloween set/models/bush_03.FBX
  artifactKey: Guid(155be0380d0110d4281f455d096665ef) Importer(815301076,1909f56bfc062723c751e8b465ee728b)
Start importing Assets/cemetery halloween set/models/bush_03.FBX using Guid(155be0380d0110d4281f455d096665ef) Importer(815301076,1909f56bfc062723c751e8b465ee728b)  -> (artifact id: '751e036b52586ed7c9c67a0dc451afb4') in 0.056495 seconds 
  Import took 0.064176 seconds .

========================================================================
Received Import Request.
  Time since last request: 0.000296 seconds.
  path: Assets/cemetery halloween set/models/Tree04_BG.fbx
  artifactKey: Guid(7d75db39f4155464a8123a6d4175f6f8) Importer(815301076,1909f56bfc062723c751e8b465ee728b)
Start importing Assets/cemetery halloween set/models/Tree04_BG.fbx using Guid(7d75db39f4155464a8123a6d4175f6f8) Importer(815301076,1909f56bfc062723c751e8b465ee728b)  -> (artifact id: '598367405158f03413abedada3a3637a') in 0.509281 seconds 
  Import took 0.512123 seconds .

========================================================================
Received Import Request.
  Time since last request: 0.000259 seconds.
  path: Assets/cemetery halloween set/models/pumpkin_04.FBX
  artifactKey: Guid(9cb5ce8b3328f144984e3f413734c149) Importer(815301076,1909f56bfc062723c751e8b465ee728b)
Start importing Assets/cemetery halloween set/models/pumpkin_04.FBX using Guid(9cb5ce8b3328f144984e3f413734c149) Importer(815301076,1909f56bfc062723c751e8b465ee728b)  -> (artifact id: '4b4eca0059a9dea4a9674c6dea1f7c02') in 0.063461 seconds 
  Import took 0.070666 seconds .

========================================================================
Received Import Request.
  Time since last request: 0.000289 seconds.
  path: Assets/cemetery halloween set/models/rock_14.fbx
  artifactKey: Guid(8fa5d86950599c14283ea80e4dbb6cdd) Importer(815301076,1909f56bfc062723c751e8b465ee728b)
Start importing Assets/cemetery halloween set/models/rock_14.fbx using Guid(8fa5d86950599c14283ea80e4dbb6cdd) Importer(815301076,1909f56bfc062723c751e8b465ee728b)  -> (artifact id: '8f4469dae9b12f87c0404c586ac884e6') in 0.060879 seconds 
  Import took 0.068156 seconds .

========================================================================
Received Import Request.
  Time since last request: 0.000371 seconds.
  path: Assets/cemetery halloween set/models/fence_tile_04.fbx
  artifactKey: Guid(f29724fbcb671bb42a3b2739869c9adc) Importer(815301076,1909f56bfc062723c751e8b465ee728b)
Start importing Assets/cemetery halloween set/models/fence_tile_04.fbx using Guid(f29724fbcb671bb42a3b2739869c9adc) Importer(815301076,1909f56bfc062723c751e8b465ee728b)  -> (artifact id: 'f23da44cbd45b12209082bde3217b02d') in 0.064888 seconds 
  Import took 0.070740 seconds .

========================================================================
Received Import Request.
  Time since last request: 0.000290 seconds.
  path: Assets/cemetery halloween set/models/skull_08.fbx
  artifactKey: Guid(0ae16d69b1d565946a7a7d33765ea7f7) Importer(815301076,1909f56bfc062723c751e8b465ee728b)
Start importing Assets/cemetery halloween set/models/skull_08.fbx using Guid(0ae16d69b1d565946a7a7d33765ea7f7) Importer(815301076,1909f56bfc062723c751e8b465ee728b)  -> (artifact id: 'bf3964f12a9dd7b963582201820c860d') in 0.046401 seconds 
  Import took 0.051531 seconds .

========================================================================
Received Import Request.
  Time since last request: 0.000317 seconds.
  path: Assets/cemetery halloween set/models/pumpkin_08.FBX
  artifactKey: Guid(31cece0bdb31fff4f8ab279d108b5f86) Importer(815301076,1909f56bfc062723c751e8b465ee728b)
Start importing Assets/cemetery halloween set/models/pumpkin_08.FBX using Guid(31cece0bdb31fff4f8ab279d108b5f86) Importer(815301076,1909f56bfc062723c751e8b465ee728b)  -> (artifact id: '99b8b26fe7068bb407030c226d39dbb0') in 0.046677 seconds 
  Import took 0.052700 seconds .

========================================================================
Received Import Request.
  Time since last request: 0.000369 seconds.
  path: Assets/cemetery halloween set/models/fence_pillar_01.fbx
  artifactKey: Guid(fda92cc783efd474a9010817ac54944f) Importer(815301076,1909f56bfc062723c751e8b465ee728b)
Start importing Assets/cemetery halloween set/models/fence_pillar_01.fbx using Guid(fda92cc783efd474a9010817ac54944f) Importer(815301076,1909f56bfc062723c751e8b465ee728b)  -> (artifact id: '4bea5c74ccb35b23af1d47c9e15be318') in 0.061424 seconds 
  Import took 0.068571 seconds .

========================================================================
Received Import Request.
  Time since last request: 0.000287 seconds.
  path: Assets/cemetery halloween set/models/spokebone_01.fbx
  artifactKey: Guid(5ab45a6483b004e4b86b305b3344410b) Importer(815301076,1909f56bfc062723c751e8b465ee728b)
Start importing Assets/cemetery halloween set/models/spokebone_01.fbx using Guid(5ab45a6483b004e4b86b305b3344410b) Importer(815301076,1909f56bfc062723c751e8b465ee728b)  -> (artifact id: '25d796082b4c070ae9e599ac1801055a') in 0.074798 seconds 
  Import took 0.080585 seconds .

========================================================================
Received Import Request.
  Time since last request: 0.000340 seconds.
  path: Assets/cemetery halloween set/models/zombie_hand_06.fbx
  artifactKey: Guid(3be34e527e005f84486fbb598055b881) Importer(815301076,1909f56bfc062723c751e8b465ee728b)
Start importing Assets/cemetery halloween set/models/zombie_hand_06.fbx using Guid(3be34e527e005f84486fbb598055b881) Importer(815301076,1909f56bfc062723c751e8b465ee728b)  -> (artifact id: '748649dece9584ad7214b1b6d99d93d2') in 0.048938 seconds 
  Import took 0.054309 seconds .

========================================================================
Received Import Request.
  Time since last request: 0.000306 seconds.
  path: Assets/cemetery halloween set/models/zombie_hand_09.fbx
  artifactKey: Guid(7bdd49ca4db3e7a499eb765953904512) Importer(815301076,1909f56bfc062723c751e8b465ee728b)
Start importing Assets/cemetery halloween set/models/zombie_hand_09.fbx using Guid(7bdd49ca4db3e7a499eb765953904512) Importer(815301076,1909f56bfc062723c751e8b465ee728b)  -> (artifact id: 'cdd33d6457e75867a61e954050f52996') in 0.057843 seconds 
  Import took 0.063587 seconds .

========================================================================
Received Import Request.
  Time since last request: 0.015238 seconds.
  path: Assets/cemetery halloween set/models/spiderweb_02.fbx
  artifactKey: Guid(eb94f0bdb081dc94f9bcc6b60dcaa7a7) Importer(815301076,1909f56bfc062723c751e8b465ee728b)
Start importing Assets/cemetery halloween set/models/spiderweb_02.fbx using Guid(eb94f0bdb081dc94f9bcc6b60dcaa7a7) Importer(815301076,1909f56bfc062723c751e8b465ee728b)  -> (artifact id: 'd345a28aacb73c7aa47e3def7e22fe07') in 0.058782 seconds 
  Import took 0.064393 seconds .

========================================================================
Received Import Request.
  Time since last request: 0.000275 seconds.
  path: Assets/cemetery halloween set/models/spiderweb_04.fbx
  artifactKey: Guid(1bf8baa4c1bb36848a58e36c5cedc146) Importer(815301076,1909f56bfc062723c751e8b465ee728b)
Start importing Assets/cemetery halloween set/models/spiderweb_04.fbx using Guid(1bf8baa4c1bb36848a58e36c5cedc146) Importer(815301076,1909f56bfc062723c751e8b465ee728b)  -> (artifact id: 'b007d9d3c7911491740b86662d7bab18') in 0.059506 seconds 
  Import took 0.066860 seconds .

========================================================================
Received Import Request.
  Time since last request: 0.000306 seconds.
  path: Assets/cemetery halloween set/models/Tree01_BG.fbx
  artifactKey: Guid(fbffa6d1962d2bc4d8fd1166094aa204) Importer(815301076,1909f56bfc062723c751e8b465ee728b)
Start importing Assets/cemetery halloween set/models/Tree01_BG.fbx using Guid(fbffa6d1962d2bc4d8fd1166094aa204) Importer(815301076,1909f56bfc062723c751e8b465ee728b)  -> (artifact id: '16538d2bc1560fefa224a85593c5969b') in 0.022235 seconds 
  Import took 0.025048 seconds .

========================================================================
Received Import Request.
  Time since last request: 0.000295 seconds.
  path: Assets/cemetery halloween set/models/lava_dead_tree_06.FBX
  artifactKey: Guid(f4695a115cbbe7c4cb2e07bf1c5b0c12) Importer(815301076,1909f56bfc062723c751e8b465ee728b)
Start importing Assets/cemetery halloween set/models/lava_dead_tree_06.FBX using Guid(f4695a115cbbe7c4cb2e07bf1c5b0c12) Importer(815301076,1909f56bfc062723c751e8b465ee728b)  -> (artifact id: '85ce423a1aac592bf28c220e4358e9b8') in 0.072788 seconds 
  Import took 0.077983 seconds .

========================================================================
Received Import Request.
  Time since last request: 0.000325 seconds.
  path: Assets/cemetery halloween set/models/rock_11.fbx
  artifactKey: Guid(147e2849b7754844e9afc7bee7e8c1cc) Importer(815301076,1909f56bfc062723c751e8b465ee728b)
Start importing Assets/cemetery halloween set/models/rock_11.fbx using Guid(147e2849b7754844e9afc7bee7e8c1cc) Importer(815301076,1909f56bfc062723c751e8b465ee728b)  -> (artifact id: 'e79bda6cb9f28b76d7b7145fa90324fe') in 0.046080 seconds 
  Import took 0.052343 seconds .

========================================================================
Received Import Request.
  Time since last request: 0.016603 seconds.
  path: Assets/cemetery halloween set/models/dead_tree_05.FBX
  artifactKey: Guid(e0884eef239d74a4a9328c55745c142e) Importer(815301076,1909f56bfc062723c751e8b465ee728b)
Start importing Assets/cemetery halloween set/models/dead_tree_05.FBX using Guid(e0884eef239d74a4a9328c55745c142e) Importer(815301076,1909f56bfc062723c751e8b465ee728b)  -> (artifact id: 'aa6af3ea32eb4944f5bd6b3365d44839') in 0.056168 seconds 
  Import took 0.062772 seconds .

========================================================================
Received Import Request.
  Time since last request: 0.000352 seconds.
  path: Assets/cemetery halloween set/models/skull_04.fbx
  artifactKey: Guid(18c3f8aa37da94c41ab2b399cd121a62) Importer(815301076,1909f56bfc062723c751e8b465ee728b)
Start importing Assets/cemetery halloween set/models/skull_04.fbx using Guid(18c3f8aa37da94c41ab2b399cd121a62) Importer(815301076,1909f56bfc062723c751e8b465ee728b)  -> (artifact id: '1f945f364babc99169b39c8ef272122b') in 0.038509 seconds 
  Import took 0.044715 seconds .

========================================================================
Received Import Request.
  Time since last request: 0.008626 seconds.
  path: Assets/cemetery halloween set/models/spokebone_03.fbx
  artifactKey: Guid(ea1501bc7f42b754a98476e1feaded6d) Importer(815301076,1909f56bfc062723c751e8b465ee728b)
Start importing Assets/cemetery halloween set/models/spokebone_03.fbx using Guid(ea1501bc7f42b754a98476e1feaded6d) Importer(815301076,1909f56bfc062723c751e8b465ee728b)  -> (artifact id: '4414b6310119e352989da156a549f7f2') in 0.049582 seconds 
  Import took 0.057345 seconds .

========================================================================
Received Import Request.
  Time since last request: 0.000334 seconds.
  path: Assets/cemetery halloween set/Demo/sample_scene/Lightmap-0_comp_light.exr
  artifactKey: Guid(459d909d29a9b164fb92646c32f2eaff) Importer(815301076,1909f56bfc062723c751e8b465ee728b)
Start importing Assets/cemetery halloween set/Demo/sample_scene/Lightmap-0_comp_light.exr using Guid(459d909d29a9b164fb92646c32f2eaff) Importer(815301076,1909f56bfc062723c751e8b465ee728b)  -> (artifact id: '214eb1c41498119a6b947b6b00f8deef') in 1.478786 seconds 
  Import took 1.481712 seconds .

========================================================================
Received Import Request.
  Time since last request: 0.006972 seconds.
  path: Assets/cemetery halloween set/models/pumpkin_12.FBX
  artifactKey: Guid(e6ed3073bc3cafe4a9ae8e28a16dce2f) Importer(815301076,1909f56bfc062723c751e8b465ee728b)
Start importing Assets/cemetery halloween set/models/pumpkin_12.FBX using Guid(e6ed3073bc3cafe4a9ae8e28a16dce2f) Importer(815301076,1909f56bfc062723c751e8b465ee728b)  -> (artifact id: 'a14c7711f5065007e730e0b22c55ba93') in 0.058492 seconds 
  Import took 0.065541 seconds .

========================================================================
Received Import Request.
  Time since last request: 0.000328 seconds.
  path: Assets/cemetery halloween set/models/pumpkin_06.FBX
  artifactKey: Guid(ee8ed93185871834b92361654fdd8c87) Importer(815301076,1909f56bfc062723c751e8b465ee728b)
Start importing Assets/cemetery halloween set/models/pumpkin_06.FBX using Guid(ee8ed93185871834b92361654fdd8c87) Importer(815301076,1909f56bfc062723c751e8b465ee728b)  -> (artifact id: '8f1f940d5c48fe0e862cdb2403c03aff') in 0.062520 seconds 
  Import took 0.068650 seconds .

========================================================================
Received Import Request.
  Time since last request: 0.000701 seconds.
  path: Assets/cemetery halloween set/models/rock_13.fbx
  artifactKey: Guid(3739b15df9a3c804d873bf9a3b8c0b0d) Importer(815301076,1909f56bfc062723c751e8b465ee728b)
Start importing Assets/cemetery halloween set/models/rock_13.fbx using Guid(3739b15df9a3c804d873bf9a3b8c0b0d) Importer(815301076,1909f56bfc062723c751e8b465ee728b)  -> (artifact id: '26e5f679b5dc94513e2bfa0201258555') in 0.044799 seconds 
  Import took 0.052448 seconds .

========================================================================
Received Import Request.
  Time since last request: 0.000296 seconds.
  path: Assets/cemetery halloween set/models/dead_tree_01.FBX
  artifactKey: Guid(44964e5ac51dbf54596a4b4ebc4f6b2a) Importer(815301076,1909f56bfc062723c751e8b465ee728b)
Start importing Assets/cemetery halloween set/models/dead_tree_01.FBX using Guid(44964e5ac51dbf54596a4b4ebc4f6b2a) Importer(815301076,1909f56bfc062723c751e8b465ee728b)  -> (artifact id: '8538bfde38b95f46c62e05d7eb4d0c97') in 0.071773 seconds 
  Import took 0.079153 seconds .

========================================================================
Received Import Request.
  Time since last request: 0.000302 seconds.
  path: Assets/cemetery halloween set/models/lava_dead_tree_03.FBX
  artifactKey: Guid(45a1b1d44ce637342a128c904ec6371a) Importer(815301076,1909f56bfc062723c751e8b465ee728b)
Start importing Assets/cemetery halloween set/models/lava_dead_tree_03.FBX using Guid(45a1b1d44ce637342a128c904ec6371a) Importer(815301076,1909f56bfc062723c751e8b465ee728b)  -> (artifact id: '34d0543b423a9b3e332665ea3f3fc367') in 0.059506 seconds 
  Import took 0.066751 seconds .

========================================================================
Received Import Request.
  Time since last request: 0.000328 seconds.
  path: Assets/cemetery halloween set/models/zombie_hand_08.fbx
  artifactKey: Guid(72d25901c70869b42b9a1992fc2e321f) Importer(815301076,1909f56bfc062723c751e8b465ee728b)
Start importing Assets/cemetery halloween set/models/zombie_hand_08.fbx using Guid(72d25901c70869b42b9a1992fc2e321f) Importer(815301076,1909f56bfc062723c751e8b465ee728b)  -> (artifact id: 'bfa99f8730692fc73a1a412cd03fdb5e') in 0.058244 seconds 
  Import took 0.064527 seconds .

========================================================================
Received Import Request.
  Time since last request: 0.000266 seconds.
  path: Assets/cemetery halloween set/models/gravestone_07.fbx
  artifactKey: Guid(f44f54772e0fed64fa5ce4d4e0cd7b2f) Importer(815301076,1909f56bfc062723c751e8b465ee728b)
Start importing Assets/cemetery halloween set/models/gravestone_07.fbx using Guid(f44f54772e0fed64fa5ce4d4e0cd7b2f) Importer(815301076,1909f56bfc062723c751e8b465ee728b)  -> (artifact id: '6993e6490a954ea83d6d33cd5125d97e') in 0.078701 seconds 
  Import took 0.085615 seconds .

========================================================================
Received Import Request.
  Time since last request: 0.000627 seconds.
  path: Assets/cemetery halloween set/models/hang_pumpkin_03.FBX
  artifactKey: Guid(60b896eb552db7a49bd58c9c7e6a98a2) Importer(815301076,1909f56bfc062723c751e8b465ee728b)
Start importing Assets/cemetery halloween set/models/hang_pumpkin_03.FBX using Guid(60b896eb552db7a49bd58c9c7e6a98a2) Importer(815301076,1909f56bfc062723c751e8b465ee728b)  -> (artifact id: 'a6c84e546d566c72761d052fa054117a') in 0.101774 seconds 
  Import took 0.108938 seconds .

========================================================================
Received Import Request.
  Time since last request: 0.000318 seconds.
  path: Assets/cemetery halloween set/models/gate_01.FBX
  artifactKey: Guid(8f7da3fe0c3e07a499817697103ceeaf) Importer(815301076,1909f56bfc062723c751e8b465ee728b)
Start importing Assets/cemetery halloween set/models/gate_01.FBX using Guid(8f7da3fe0c3e07a499817697103ceeaf) Importer(815301076,1909f56bfc062723c751e8b465ee728b)  -> (artifact id: '0e7415a5e3ad6c8b99a181ebf044e403') in 0.099897 seconds 
  Import took 0.106283 seconds .

========================================================================
Received Import Request.
  Time since last request: 0.000319 seconds.
  path: Assets/cemetery halloween set/models/fence_tile_02.fbx
  artifactKey: Guid(10e9fffa3bb95334e8a305d18adca0f0) Importer(815301076,1909f56bfc062723c751e8b465ee728b)
Start importing Assets/cemetery halloween set/models/fence_tile_02.fbx using Guid(10e9fffa3bb95334e8a305d18adca0f0) Importer(815301076,1909f56bfc062723c751e8b465ee728b)  -> (artifact id: '57446189880a84c9ef55ab13b6f4a995') in 0.058918 seconds 
  Import took 0.065321 seconds .

========================================================================
Received Import Request.
  Time since last request: 0.000534 seconds.
  path: Assets/cemetery halloween set/models/gravestone_06.fbx
  artifactKey: Guid(dc042185714af6c458ef19e5b5b74517) Importer(815301076,1909f56bfc062723c751e8b465ee728b)
Start importing Assets/cemetery halloween set/models/gravestone_06.fbx using Guid(dc042185714af6c458ef19e5b5b74517) Importer(815301076,1909f56bfc062723c751e8b465ee728b)  -> (artifact id: 'f566b215f462db801305f1c5bae8f8fe') in 0.044764 seconds 
  Import took 0.052932 seconds .

========================================================================
Received Import Request.
  Time since last request: 0.000257 seconds.
  path: Assets/cemetery halloween set/models/hang_pumpkin_04.FBX
  artifactKey: Guid(2d61b8ffb6a1d6246916f79102d0117c) Importer(815301076,1909f56bfc062723c751e8b465ee728b)
Start importing Assets/cemetery halloween set/models/hang_pumpkin_04.FBX using Guid(2d61b8ffb6a1d6246916f79102d0117c) Importer(815301076,1909f56bfc062723c751e8b465ee728b)  -> (artifact id: '36a1069d8c6ace33c7cac7dd0cfaa21f') in 0.075805 seconds 
  Import took 0.083376 seconds .

========================================================================
Received Import Request.
  Time since last request: 0.000292 seconds.
  path: Assets/cemetery halloween set/models/fence_pillar_03.fbx
  artifactKey: Guid(d5ad956dd1189ee49b97f315600dd069) Importer(815301076,1909f56bfc062723c751e8b465ee728b)
Start importing Assets/cemetery halloween set/models/fence_pillar_03.fbx using Guid(d5ad956dd1189ee49b97f315600dd069) Importer(815301076,1909f56bfc062723c751e8b465ee728b)  -> (artifact id: '6ebb644aa831ce97dcd56ca28e82041d') in 0.050089 seconds 
  Import took 0.057590 seconds .

========================================================================
Received Import Request.
  Time since last request: 0.000288 seconds.
  path: Assets/cemetery halloween set/Demo/sample_scene/LightmapSnapshot.asset
  artifactKey: Guid(5a44745e67de2f94f84dfca5803e225c) Importer(815301076,1909f56bfc062723c751e8b465ee728b)
Start importing Assets/cemetery halloween set/Demo/sample_scene/LightmapSnapshot.asset using Guid(5a44745e67de2f94f84dfca5803e225c) Importer(815301076,1909f56bfc062723c751e8b465ee728b) Lighting data asset ‘LightmapSnapshot’ is inconsistent because 60 files out of 300 are missing.  Please use Generate Lighting to rebuild the lighting data.
Lighting data asset ‘LightmapSnapshot’ is incompatible with the current Unity version. Please use Generate Lighting to rebuild the lighting data.  Realtime Global Illumination cannot be used until the lighting data is rebuilt.
 -> (artifact id: '9d4d22be6ffe803a87b35ee27779fc21') in 0.736480 seconds 
  Import took 0.747153 seconds .

========================================================================
Received Import Request.
  Time since last request: 0.003961 seconds.
  path: Assets/cemetery halloween set/models/pumpkin_09.FBX
  artifactKey: Guid(8bf3aed581518da48ab2ad57b02904ad) Importer(815301076,1909f56bfc062723c751e8b465ee728b)
Start importing Assets/cemetery halloween set/models/pumpkin_09.FBX using Guid(8bf3aed581518da48ab2ad57b02904ad) Importer(815301076,1909f56bfc062723c751e8b465ee728b)  -> (artifact id: '9affcb26adcb8bf4f582a60eab7f668a') in 0.046495 seconds 
  Import took 0.052740 seconds .

========================================================================
Received Import Request.
  Time since last request: 0.000357 seconds.
  path: Assets/cemetery halloween set/models/rock_04.fbx
  artifactKey: Guid(767cb26abc3ce284897d1ec8a99023fe) Importer(815301076,1909f56bfc062723c751e8b465ee728b)
Start importing Assets/cemetery halloween set/models/rock_04.fbx using Guid(767cb26abc3ce284897d1ec8a99023fe) Importer(815301076,1909f56bfc062723c751e8b465ee728b)  -> (artifact id: '1aa3874cffe9d5f3e87b242c89cdfb0d') in 0.057017 seconds 
  Import took 0.063961 seconds .

========================================================================
Received Import Request.
  Time since last request: 0.000317 seconds.
  path: Assets/cemetery halloween set/models/pumpkin_01.FBX
  artifactKey: Guid(24b7202a5e454ea48ba7f25ac5b839bd) Importer(815301076,1909f56bfc062723c751e8b465ee728b)
Start importing Assets/cemetery halloween set/models/pumpkin_01.FBX using Guid(24b7202a5e454ea48ba7f25ac5b839bd) Importer(815301076,1909f56bfc062723c751e8b465ee728b)  -> (artifact id: '0be5ed63ba574341a7a73fdb45fd52cd') in 0.064921 seconds 
  Import took 0.075454 seconds .

========================================================================
Received Import Request.
  Time since last request: 0.000534 seconds.
  path: Assets/cemetery halloween set/models/skull_02.fbx
  artifactKey: Guid(85b9fe69e945acc4381c69f5ff326dfd) Importer(815301076,1909f56bfc062723c751e8b465ee728b)
Start importing Assets/cemetery halloween set/models/skull_02.fbx using Guid(85b9fe69e945acc4381c69f5ff326dfd) Importer(815301076,1909f56bfc062723c751e8b465ee728b)  -> (artifact id: '15c92179ec81bef9cb22344a4f994867') in 0.055727 seconds 
  Import took 0.064388 seconds .

========================================================================
Received Import Request.
  Time since last request: 0.000368 seconds.
  path: Assets/cemetery halloween set/Demo/sample_scene/SkyboxProbe-0.exr
  artifactKey: Guid(703f68258d59e724e868603b01179c39) Importer(815301076,1909f56bfc062723c751e8b465ee728b)
Start importing Assets/cemetery halloween set/Demo/sample_scene/SkyboxProbe-0.exr using Guid(703f68258d59e724e868603b01179c39) Importer(815301076,1909f56bfc062723c751e8b465ee728b)  -> (artifact id: 'e40ee10786c7cda234de655b1cccc586') in 0.034505 seconds 
  Import took 0.038490 seconds .

========================================================================
Received Import Request.
  Time since last request: 0.000314 seconds.
  path: Assets/cemetery halloween set/models/dead_tree_04.FBX
  artifactKey: Guid(3377073e3e89c874cb513eee713eff89) Importer(815301076,1909f56bfc062723c751e8b465ee728b)
Start importing Assets/cemetery halloween set/models/dead_tree_04.FBX using Guid(3377073e3e89c874cb513eee713eff89) Importer(815301076,1909f56bfc062723c751e8b465ee728b)  -> (artifact id: 'a1755fe7e2596b04b46e2f918ac49526') in 0.107540 seconds 
  Import took 0.115442 seconds .

========================================================================
Received Import Request.
  Time since last request: 0.000289 seconds.
  path: Assets/cemetery halloween set/models/gravestone_08.fbx
  artifactKey: Guid(40244e38365821e42bdf5e70f66cb012) Importer(815301076,1909f56bfc062723c751e8b465ee728b)
Start importing Assets/cemetery halloween set/models/gravestone_08.fbx using Guid(40244e38365821e42bdf5e70f66cb012) Importer(815301076,1909f56bfc062723c751e8b465ee728b)  -> (artifact id: '4dc1fb121af690c60c6d3cbaa35644be') in 0.050449 seconds 
  Import took 0.056238 seconds .

========================================================================
Received Import Request.
  Time since last request: 0.000316 seconds.
  path: Assets/cemetery halloween set/models/rock_10.fbx
  artifactKey: Guid(b85a73d1ef6903645be5e0ad882c2af8) Importer(815301076,1909f56bfc062723c751e8b465ee728b)
Start importing Assets/cemetery halloween set/models/rock_10.fbx using Guid(b85a73d1ef6903645be5e0ad882c2af8) Importer(815301076,1909f56bfc062723c751e8b465ee728b)  -> (artifact id: '29458c36ae181f695f9589db74c1101d') in 0.051193 seconds 
  Import took 0.056775 seconds .

========================================================================
Received Import Request.
  Time since last request: 0.000399 seconds.
  path: Assets/cemetery halloween set/models/pumpkin_10.FBX
  artifactKey: Guid(ca955adc0ee594341b35932e657e6bb6) Importer(815301076,1909f56bfc062723c751e8b465ee728b)
Start importing Assets/cemetery halloween set/models/pumpkin_10.FBX using Guid(ca955adc0ee594341b35932e657e6bb6) Importer(815301076,1909f56bfc062723c751e8b465ee728b)  -> (artifact id: '12735f8c64c7cce40d751cdff5528820') in 0.061159 seconds 
  Import took 0.066773 seconds .

========================================================================
Received Import Request.
  Time since last request: 0.000334 seconds.
  path: Assets/cemetery halloween set/models/pumpkin_07.FBX
  artifactKey: Guid(9a1ff450f10a30d42bbd560ed6446c4e) Importer(815301076,1909f56bfc062723c751e8b465ee728b)
Start importing Assets/cemetery halloween set/models/pumpkin_07.FBX using Guid(9a1ff450f10a30d42bbd560ed6446c4e) Importer(815301076,1909f56bfc062723c751e8b465ee728b)  -> (artifact id: 'fb5d252b79790b1186dc71e14204ee46') in 0.060260 seconds 
  Import took 0.065549 seconds .

========================================================================
Received Import Request.
  Time since last request: 0.000258 seconds.
  path: Assets/cemetery halloween set/models/dead_tree_03.FBX
  artifactKey: Guid(06d19085b329a20418f3615867e04fd5) Importer(815301076,1909f56bfc062723c751e8b465ee728b)
Start importing Assets/cemetery halloween set/models/dead_tree_03.FBX using Guid(06d19085b329a20418f3615867e04fd5) Importer(815301076,1909f56bfc062723c751e8b465ee728b)  -> (artifact id: 'ecd264386cdfbf9c561b75ba80ce6752') in 0.084856 seconds 
  Import took 0.090756 seconds .

========================================================================
Received Import Request.
  Time since last request: 0.000315 seconds.
  path: Assets/cemetery halloween set/Demo/sample_scene/Lightmap-0_comp_dir.exr
  artifactKey: Guid(e743b078910ad6142878cbe2c35a140a) Importer(815301076,1909f56bfc062723c751e8b465ee728b)
Start importing Assets/cemetery halloween set/Demo/sample_scene/Lightmap-0_comp_dir.exr using Guid(e743b078910ad6142878cbe2c35a140a) Importer(815301076,1909f56bfc062723c751e8b465ee728b)  -> (artifact id: 'b021dd59bde3540de1b39e5a8a3d1afd') in 0.016814 seconds 
  Import took 0.020112 seconds .

========================================================================
Received Import Request.
  Time since last request: 0.000757 seconds.
  path: Assets/cemetery halloween set/models/hang_pumpkin_02.FBX
  artifactKey: Guid(7bf738d0024710e4bb01a1032ecffb57) Importer(815301076,1909f56bfc062723c751e8b465ee728b)
Start importing Assets/cemetery halloween set/models/hang_pumpkin_02.FBX using Guid(7bf738d0024710e4bb01a1032ecffb57) Importer(815301076,1909f56bfc062723c751e8b465ee728b)  -> (artifact id: '9dd634d1800671d0247bcfa163da0cc0') in 0.077847 seconds 
  Import took 0.083834 seconds .

========================================================================
Received Import Request.
  Time since last request: 0.000290 seconds.
  path: Assets/cemetery halloween set/models/fence_tile_01.fbx
  artifactKey: Guid(3fd64e3f606559048b247d9d9fe68b28) Importer(815301076,1909f56bfc062723c751e8b465ee728b)
Start importing Assets/cemetery halloween set/models/fence_tile_01.fbx using Guid(3fd64e3f606559048b247d9d9fe68b28) Importer(815301076,1909f56bfc062723c751e8b465ee728b)  -> (artifact id: 'c3271f286b6b5c348c4df9d848f77dde') in 0.054750 seconds 
  Import took 0.060619 seconds .

========================================================================
Received Import Request.
  Time since last request: 0.000303 seconds.
  path: Assets/cemetery halloween set/models/gate_02.fbx
  artifactKey: Guid(de39154115bfb6e4381d77121ee32d9b) Importer(815301076,1909f56bfc062723c751e8b465ee728b)
Start importing Assets/cemetery halloween set/models/gate_02.fbx using Guid(de39154115bfb6e4381d77121ee32d9b) Importer(815301076,1909f56bfc062723c751e8b465ee728b)  -> (artifact id: '0ac4a3aa03ecf49097a19b8d663ec9bf') in 0.049897 seconds 
  Import took 0.056207 seconds .

========================================================================
Received Import Request.
  Time since last request: 0.000273 seconds.
  path: Assets/cemetery halloween set/models/Tree03_BG.fbx
  artifactKey: Guid(9f553b6ed6390b4428623d4ce2e01c4a) Importer(815301076,1909f56bfc062723c751e8b465ee728b)
Start importing Assets/cemetery halloween set/models/Tree03_BG.fbx using Guid(9f553b6ed6390b4428623d4ce2e01c4a) Importer(815301076,1909f56bfc062723c751e8b465ee728b)  -> (artifact id: 'bc99f79ed87e911bf54d7a6093c26f0e') in 0.035405 seconds 
  Import took 0.038923 seconds .

========================================================================
Received Import Request.
  Time since last request: 0.000355 seconds.
  path: Assets/cemetery halloween set/models/zombie_hand_01.fbx
  artifactKey: Guid(02b75f581a25d7f4793b53c1ea3a10e2) Importer(815301076,1909f56bfc062723c751e8b465ee728b)
Start importing Assets/cemetery halloween set/models/zombie_hand_01.fbx using Guid(02b75f581a25d7f4793b53c1ea3a10e2) Importer(815301076,1909f56bfc062723c751e8b465ee728b)  -> (artifact id: '7c5319d192b33860154d70295b453438') in 0.069115 seconds 
  Import took 0.075495 seconds .

========================================================================
Received Import Request.
  Time since last request: 0.008890 seconds.
  path: Assets/cemetery halloween set/models/spokebone_04.fbx
  artifactKey: Guid(c851578736a79b94a91881cfe49dbef9) Importer(815301076,1909f56bfc062723c751e8b465ee728b)
Start importing Assets/cemetery halloween set/models/spokebone_04.fbx using Guid(c851578736a79b94a91881cfe49dbef9) Importer(815301076,1909f56bfc062723c751e8b465ee728b)  -> (artifact id: 'ccdb9523f7f4c3acf07b6e58b0cd6e24') in 0.048048 seconds 
  Import took 0.057079 seconds .

========================================================================
Received Import Request.
  Time since last request: 0.000573 seconds.
  path: Assets/cemetery halloween set/models/gravestone_05.fbx
  artifactKey: Guid(9e20b7b9e08ca864eb1a6ecae2969cae) Importer(815301076,1909f56bfc062723c751e8b465ee728b)
Start importing Assets/cemetery halloween set/models/gravestone_05.fbx using Guid(9e20b7b9e08ca864eb1a6ecae2969cae) Importer(815301076,1909f56bfc062723c751e8b465ee728b)  -> (artifact id: '2ea167adfe36734444eff02972e0c168') in 0.052269 seconds 
  Import took 0.059233 seconds .

========================================================================
Received Import Request.
  Time since last request: 0.000525 seconds.
  path: Assets/cemetery halloween set/models/lava_dead_tree_02.FBX
  artifactKey: Guid(ac26e1e84029fc2409e9ce970fd00800) Importer(815301076,1909f56bfc062723c751e8b465ee728b)
Start importing Assets/cemetery halloween set/models/lava_dead_tree_02.FBX using Guid(ac26e1e84029fc2409e9ce970fd00800) Importer(815301076,1909f56bfc062723c751e8b465ee728b)  -> (artifact id: 'ff2fbb4ccd2a0305064917e6268ed820') in 0.086789 seconds 
  Import took 0.095728 seconds .

========================================================================
Received Import Request.
  Time since last request: 0.000330 seconds.
  path: Assets/cemetery halloween set/models/pumpkin_03.FBX
  artifactKey: Guid(3a49463d7f0827a46b6a7ef4257003fa) Importer(815301076,1909f56bfc062723c751e8b465ee728b)
Start importing Assets/cemetery halloween set/models/pumpkin_03.FBX using Guid(3a49463d7f0827a46b6a7ef4257003fa) Importer(815301076,1909f56bfc062723c751e8b465ee728b)  -> (artifact id: 'a37a532edc11c2c26911b465c800fb4e') in 0.061589 seconds 
  Import took 0.068643 seconds .

========================================================================
Received Import Request.
  Time since last request: 0.000349 seconds.
  path: Assets/cemetery halloween set/models/skull_01.fbx
  artifactKey: Guid(39435e97ca57ba1408fd054be7ce7363) Importer(815301076,1909f56bfc062723c751e8b465ee728b)
Start importing Assets/cemetery halloween set/models/skull_01.fbx using Guid(39435e97ca57ba1408fd054be7ce7363) Importer(815301076,1909f56bfc062723c751e8b465ee728b)  -> (artifact id: '145ba338423b73cc02304447a14e486e') in 0.054128 seconds 
  Import took 0.059562 seconds .

========================================================================
Received Import Request.
  Time since last request: 0.000356 seconds.
  path: Assets/cemetery halloween set/models/rock_06.fbx
  artifactKey: Guid(07a69f7f7a9f07f498158e5cd9d555a1) Importer(815301076,1909f56bfc062723c751e8b465ee728b)
Start importing Assets/cemetery halloween set/models/rock_06.fbx using Guid(07a69f7f7a9f07f498158e5cd9d555a1) Importer(815301076,1909f56bfc062723c751e8b465ee728b)  -> (artifact id: 'f47534ae56ddb4279d12b18e2039e15f') in 0.054900 seconds 
  Import took 0.062431 seconds .

========================================================================
Received Import Request.
  Time since last request: 0.013371 seconds.
  path: Assets/cemetery halloween set/models/pumpkin_02.FBX
  artifactKey: Guid(bb121659b32fb5f488ad53b1fbef5e4e) Importer(815301076,1909f56bfc062723c751e8b465ee728b)
Start importing Assets/cemetery halloween set/models/pumpkin_02.FBX using Guid(bb121659b32fb5f488ad53b1fbef5e4e) Importer(815301076,1909f56bfc062723c751e8b465ee728b)  -> (artifact id: '36cba6f3d971f4edfafd10d0e27e978e') in 0.058885 seconds 
  Import took 0.066204 seconds .

========================================================================
Received Import Request.
  Time since last request: 0.000640 seconds.
  path: Assets/cemetery halloween set/models/Tree02_BG.fbx
  artifactKey: Guid(95dd1e4fe90316e43a9f0ecab11d671e) Importer(815301076,1909f56bfc062723c751e8b465ee728b)
Start importing Assets/cemetery halloween set/models/Tree02_BG.fbx using Guid(95dd1e4fe90316e43a9f0ecab11d671e) Importer(815301076,1909f56bfc062723c751e8b465ee728b)  -> (artifact id: '1307de81ae1b19ca1e548f7ac73a43fb') in 0.023107 seconds 
  Import took 0.027016 seconds .

========================================================================
Received Import Request.
  Time since last request: 0.000357 seconds.
  path: Assets/cemetery halloween set/models/zombie_hand_07.fbx
  artifactKey: Guid(3640a1758ab9ebe4895931ca1c7a518d) Importer(815301076,1909f56bfc062723c751e8b465ee728b)
Start importing Assets/cemetery halloween set/models/zombie_hand_07.fbx using Guid(3640a1758ab9ebe4895931ca1c7a518d) Importer(815301076,1909f56bfc062723c751e8b465ee728b)  -> (artifact id: '67f8f25995a819e5f4bdc8e4dda229af') in 0.060881 seconds 
  Import took 0.068579 seconds .

========================================================================
Received Import Request.
  Time since last request: 0.000337 seconds.
  path: Assets/cemetery halloween set/models/zombie_hand_03.fbx
  artifactKey: Guid(3640a8a261a49984985e01bf38587aa0) Importer(815301076,1909f56bfc062723c751e8b465ee728b)
Start importing Assets/cemetery halloween set/models/zombie_hand_03.fbx using Guid(3640a8a261a49984985e01bf38587aa0) Importer(815301076,1909f56bfc062723c751e8b465ee728b)  -> (artifact id: '33706d5a548e229fda63d664ad092fba') in 0.058790 seconds 
  Import took 0.064141 seconds .

========================================================================
Received Import Request.
  Time since last request: 0.000283 seconds.
  path: Assets/cemetery halloween set/models/rock_03.fbx
  artifactKey: Guid(62ae9e88d8318ee4c854c401ee10caaa) Importer(815301076,1909f56bfc062723c751e8b465ee728b)
Start importing Assets/cemetery halloween set/models/rock_03.fbx using Guid(62ae9e88d8318ee4c854c401ee10caaa) Importer(815301076,1909f56bfc062723c751e8b465ee728b)  -> (artifact id: '1f7f485a08ff185a255bf2277738b886') in 0.049413 seconds 
  Import took 0.056147 seconds .

========================================================================
Received Import Request.
  Time since last request: 0.000300 seconds.
  path: Assets/cemetery halloween set/models/spiderweb_01.fbx
  artifactKey: Guid(b9c220a7f056f454882d8a29a8d68582) Importer(815301076,1909f56bfc062723c751e8b465ee728b)
Start importing Assets/cemetery halloween set/models/spiderweb_01.fbx using Guid(b9c220a7f056f454882d8a29a8d68582) Importer(815301076,1909f56bfc062723c751e8b465ee728b)  -> (artifact id: '515986fc9dbd14f4a43c40fa4b7c424f') in 0.051411 seconds 
  Import took 0.057011 seconds .

========================================================================
Received Import Request.
  Time since last request: 0.000301 seconds.
  path: Assets/cemetery halloween set/models/rock_05.fbx
  artifactKey: Guid(92f6cadac830dad479725e5299a85a6b) Importer(815301076,1909f56bfc062723c751e8b465ee728b)
Start importing Assets/cemetery halloween set/models/rock_05.fbx using Guid(92f6cadac830dad479725e5299a85a6b) Importer(815301076,1909f56bfc062723c751e8b465ee728b)  -> (artifact id: 'bb48c929ea080bd35b54609f749cfc51') in 0.046445 seconds 
  Import took 0.053336 seconds .

========================================================================
Received Import Request.
  Time since last request: 0.000286 seconds.
  path: Assets/cemetery halloween set/models/hang_pumpkin_05.FBX
  artifactKey: Guid(7aaf8bbf8fb4b4643b1f1f5567ad6b61) Importer(815301076,1909f56bfc062723c751e8b465ee728b)
Start importing Assets/cemetery halloween set/models/hang_pumpkin_05.FBX using Guid(7aaf8bbf8fb4b4643b1f1f5567ad6b61) Importer(815301076,1909f56bfc062723c751e8b465ee728b)  -> (artifact id: 'b1cbf5e8c81be5246aa91ce7436cd6c8') in 0.080960 seconds 
  Import took 0.089448 seconds .

========================================================================
Received Import Request.
  Time since last request: 0.000815 seconds.
  path: Assets/cemetery halloween set/models/pumpkin_11.FBX
  artifactKey: Guid(ca4c8c4a680b51640a9d4ea0977e9abe) Importer(815301076,1909f56bfc062723c751e8b465ee728b)
Start importing Assets/cemetery halloween set/models/pumpkin_11.FBX using Guid(ca4c8c4a680b51640a9d4ea0977e9abe) Importer(815301076,1909f56bfc062723c751e8b465ee728b)  -> (artifact id: '11f9a17777a79bb0596000a4b90c5356') in 0.072901 seconds 
  Import took 0.078871 seconds .

========================================================================
Received Import Request.
  Time since last request: 0.000298 seconds.
  path: Assets/cemetery halloween set/models/bush_01.FBX
  artifactKey: Guid(a478d6d92ef5900488f4cc185bbfc98d) Importer(815301076,1909f56bfc062723c751e8b465ee728b)
Start importing Assets/cemetery halloween set/models/bush_01.FBX using Guid(a478d6d92ef5900488f4cc185bbfc98d) Importer(815301076,1909f56bfc062723c751e8b465ee728b)  -> (artifact id: 'eb68ed833e8e09bf9b84911cfbb1f722') in 0.054463 seconds 
  Import took 0.061035 seconds .

========================================================================
Received Import Request.
  Time since last request: 0.000271 seconds.
  path: Assets/cemetery halloween set/models/fence_pillar_02.fbx
  artifactKey: Guid(7ad40de0b65ac1e49bc72259ad6343e2) Importer(815301076,1909f56bfc062723c751e8b465ee728b)
Start importing Assets/cemetery halloween set/models/fence_pillar_02.fbx using Guid(7ad40de0b65ac1e49bc72259ad6343e2) Importer(815301076,1909f56bfc062723c751e8b465ee728b)  -> (artifact id: 'bfb63af1412899288e531f2cf6d76a21') in 0.052295 seconds 
  Import took 0.058098 seconds .

========================================================================
Received Import Request.
  Time since last request: 0.000294 seconds.
  path: Assets/cemetery halloween set/models/gravestone_01.fbx
  artifactKey: Guid(e899583bc5a61d044bbb5ebf35060820) Importer(815301076,1909f56bfc062723c751e8b465ee728b)
Start importing Assets/cemetery halloween set/models/gravestone_01.fbx using Guid(e899583bc5a61d044bbb5ebf35060820) Importer(815301076,1909f56bfc062723c751e8b465ee728b)  -> (artifact id: '4bebe9fedd59b4afaa04581dfe6c2653') in 0.051849 seconds 
  Import took 0.059866 seconds .

========================================================================
Received Import Request.
  Time since last request: 0.000484 seconds.
  path: Assets/cemetery halloween set/models/fence_tile_05.fbx
  artifactKey: Guid(fbb2ac586132f1d41a2ba67a8234d3c9) Importer(815301076,1909f56bfc062723c751e8b465ee728b)
Start importing Assets/cemetery halloween set/models/fence_tile_05.fbx using Guid(fbb2ac586132f1d41a2ba67a8234d3c9) Importer(815301076,1909f56bfc062723c751e8b465ee728b)  -> (artifact id: '9841dd94f3e327d635da0b2bff9ffdb3') in 0.049369 seconds 
  Import took 0.057228 seconds .

========================================================================
Received Import Request.
  Time since last request: 0.013424 seconds.
  path: Assets/cemetery halloween set/models/spokebone_02.fbx
  artifactKey: Guid(c1e359c5e9601b749a42179b76666507) Importer(815301076,1909f56bfc062723c751e8b465ee728b)
Start importing Assets/cemetery halloween set/models/spokebone_02.fbx using Guid(c1e359c5e9601b749a42179b76666507) Importer(815301076,1909f56bfc062723c751e8b465ee728b)  -> (artifact id: 'c1ef1d05c4a5ba494a8fe5634115f0ab') in 0.061500 seconds 
  Import took 0.070699 seconds .

========================================================================
Received Import Request.
  Time since last request: 0.000352 seconds.
  path: Assets/cemetery halloween set/models/zombie_hand_04.fbx
  artifactKey: Guid(d618d43d181972645b8dc7716c5cb705) Importer(815301076,1909f56bfc062723c751e8b465ee728b)
Start importing Assets/cemetery halloween set/models/zombie_hand_04.fbx using Guid(d618d43d181972645b8dc7716c5cb705) Importer(815301076,1909f56bfc062723c751e8b465ee728b)  -> (artifact id: '51bf753354f34228bc0d070e7b32e20d') in 0.066969 seconds 
  Import took 0.077111 seconds .

========================================================================
Received Import Request.
  Time since last request: 0.000515 seconds.
  path: Assets/cemetery halloween set/models/hang_pumpkin_01.FBX
  artifactKey: Guid(6912e36da7db98940a5eed09d2a288df) Importer(815301076,1909f56bfc062723c751e8b465ee728b)
Start importing Assets/cemetery halloween set/models/hang_pumpkin_01.FBX using Guid(6912e36da7db98940a5eed09d2a288df) Importer(815301076,1909f56bfc062723c751e8b465ee728b)  -> (artifact id: '2c8365a34d24db04492ec53ad54e6d7a') in 0.072867 seconds 
  Import took 0.078837 seconds .

========================================================================
Received Prepare
Registering precompiled user dll's ...
Registered in 0.007787 seconds.
Begin MonoManager ReloadAssembly
Native extension for OSXStandalone target not found
Refreshing native plugins compatible for Editor in 0.42 ms, found 2 plugins.
Preloading 0 native plugins for Editor in 0.00 ms.
Mono: successfully reloaded assembly
- Completed reload, in  1.412 seconds
Domain Reload Profiling:
	ReloadAssembly (1413ms)
		BeginReloadAssembly (213ms)
			ExecutionOrderSort (0ms)
			DisableScriptedObjects (11ms)
			BackupInstance (0ms)
			ReleaseScriptingObjects (0ms)
			CreateAndSetChildDomain (122ms)
		EndReloadAssembly (1118ms)
			LoadAssemblies (118ms)
			RebuildTransferFunctionScriptingTraits (0ms)
			SetupTypeCache (423ms)
			ReleaseScriptCaches (1ms)
			RebuildScriptCaches (54ms)
			SetupLoadedEditorAssemblies (370ms)
				LogAssemblyErrors (0ms)
				InitializePlatformSupportModulesInManaged (6ms)
				SetLoadedEditorAssemblies (1ms)
				RefreshPlugins (0ms)
				BeforeProcessingInitializeOnLoad (97ms)
				ProcessInitializeOnLoadAttributes (259ms)
				ProcessInitializeOnLoadMethodAttributes (5ms)
				AfterProcessingInitializeOnLoad (2ms)
				EditorAssembliesLoaded (0ms)
			ExecutionOrderSort2 (0ms)
			AwakeInstancesAfterBackupRestoration (10ms)
Platform modules already initialized, skipping
Refreshing native plugins compatible for Editor in 0.41 ms, found 2 plugins.
Preloading 0 native plugins for Editor in 0.00 ms.
Unloading 1401 Unused Serialized files (Serialized files now loaded: 0)
System memory in use before: 178.0 MB.
System memory in use after: 178.2 MB.

Unloading 12 unused Assets to reduce memory usage. Loaded Objects now: 1930.
Total: 3.015094 ms (FindLiveObjects: 0.251275 ms CreateObjectMapping: 0.055811 ms MarkObjects: 2.665167 ms  DeleteObjects: 0.041947 ms)

AssetImportParameters requested are different than current active one (requested -> active):
  custom:video-decoder-ogg-theora: a1e56fd34408186e4bbccfd4996cb3dc -> 
  custom:container-muxer-webm: aa71ff27fc2769a1b78a27578f13a17b -> 
  custom:container-demuxer-webm: 4f35f7cbe854078d1ac9338744f61a02 -> 
  custom:container-demuxer-ogg: 62fdf1f143b41e24485cea50d1cbac27 -> 
  custom:video-encoder-webm-vp8: eb34c28f22e8b96e1ab97ce403110664 -> 
  custom:framework-osx-AVFoundation: e770b220cccbd017edd2c1fefb359320 -> 
  custom:video-decoder-webm-vp8: 9c59270c3fd7afecdb556c50c9e8de78 -> 
  custom:audio-decoder-ogg-vorbis: bf7c407c2cedff20999df2af8eb42d56 -> 
  custom:audio-encoder-webm-vorbis: bf7c407c2cedff20999df2af8eb42d56 -> 
